{
  "RSpec": {
    "coverage": {
      "/Users/whitney/Desktop/turing/4_module/projects/pivatol_hacker/spec/models/board_spec.rb": [
        1,
        null,
        1,
        null,
        2,
        null,
        2,
        2,
        2,
        null,
        1,
        1,
        1,
        null,
        null,
        null
      ],
      "/Users/whitney/Desktop/turing/4_module/projects/pivatol_hacker/spec/rails_helper.rb": [
        null,
        1,
        1,
        null,
        1,
        1,
        1,
        1,
        1,
        null,
        null,
        null,
        null,
        null,
        null,
        null,
        null,
        null,
        null,
        null,
        null,
        null,
        null,
        null,
        null,
        null,
        null,
        null,
        null,
        1,
        null,
        1,
        null,
        1,
        null,
        null,
        null,
        null,
        1,
        null,
        null,
        null,
        null,
        null,
        null,
        null,
        null,
        null,
        null,
        null,
        null,
        null,
        null,
        1,
        1,
        null
      ],
      "/Users/whitney/Desktop/turing/4_module/projects/pivatol_hacker/config/environment.rb": [
        null,
        1,
        null,
        null,
        1
      ],
      "/Users/whitney/Desktop/turing/4_module/projects/pivatol_hacker/config/application.rb": [
        1,
        null,
        1,
        null,
        1,
        1,
        1,
        1,
        1,
        1,
        1,
        null,
        null,
        null,
        null,
        1,
        null,
        1,
        1,
        null,
        null,
        null,
        null,
        null,
        null,
        null,
        null,
        null,
        null,
        null,
        null,
        null,
        1,
        null,
        null
      ],
      "/Users/whitney/Desktop/turing/4_module/projects/pivatol_hacker/config/boot.rb": [
        1,
        null,
        1
      ],
      "/Users/whitney/Desktop/turing/4_module/projects/pivatol_hacker/config/environments/test.rb": [
        1,
        null,
        null,
        null,
        null,
        null,
        null,
        1,
        null,
        null,
        null,
        null,
        1,
        null,
        null,
        1,
        1,
        null,
        null,
        1,
        1,
        null,
        null,
        1,
        null,
        null,
        1,
        null,
        null,
        null,
        null,
        1,
        null,
        null,
        1,
        null,
        null,
        1,
        null,
        null,
        null,
        null
      ],
      "/Users/whitney/Desktop/turing/4_module/projects/pivatol_hacker/config/initializers/assets.rb": [
        null,
        null,
        null,
        1,
        null,
        null,
        null,
        null,
        null,
        null,
        null
      ],
      "/Users/whitney/Desktop/turing/4_module/projects/pivatol_hacker/config/initializers/backtrace_silencers.rb": [
        null,
        null,
        null,
        null,
        null,
        null,
        null
      ],
      "/Users/whitney/Desktop/turing/4_module/projects/pivatol_hacker/config/initializers/cookies_serializer.rb": [
        null,
        null,
        1
      ],
      "/Users/whitney/Desktop/turing/4_module/projects/pivatol_hacker/config/initializers/filter_parameter_logging.rb": [
        null,
        null,
        null,
        1
      ],
      "/Users/whitney/Desktop/turing/4_module/projects/pivatol_hacker/config/initializers/inflections.rb": [
        null,
        null,
        null,
        null,
        null,
        null,
        null,
        null,
        null,
        null,
        null,
        null,
        null,
        null,
        null,
        null
      ],
      "/Users/whitney/Desktop/turing/4_module/projects/pivatol_hacker/config/initializers/mime_types.rb": [
        null,
        null,
        null,
        null
      ],
      "/Users/whitney/Desktop/turing/4_module/projects/pivatol_hacker/config/initializers/session_store.rb": [
        null,
        null,
        1
      ],
      "/Users/whitney/Desktop/turing/4_module/projects/pivatol_hacker/config/initializers/wrap_parameters.rb": [
        null,
        null,
        null,
        null,
        null,
        null,
        1,
        1,
        null,
        null,
        null,
        null,
        null,
        null
      ],
      "/Users/whitney/Desktop/turing/4_module/projects/pivatol_hacker/spec/factories/boards.rb": [
        1,
        1,
        1,
        null,
        null,
        null
      ],
      "/Users/whitney/Desktop/turing/4_module/projects/pivatol_hacker/spec/factories/tickets.rb": [
        1,
        1,
        1,
        1,
        1,
        null,
        null,
        null
      ],
      "/Users/whitney/Desktop/turing/4_module/projects/pivatol_hacker/config/routes.rb": [
        1,
        null,
        1,
        null,
        1,
        1,
        null,
        null,
        null
      ],
      "/Users/whitney/Desktop/turing/4_module/projects/pivatol_hacker/app/helpers/application_helper.rb": [
        1,
        null
      ],
      "/Users/whitney/Desktop/turing/4_module/projects/pivatol_hacker/app/helpers/boards_helper.rb": [
        1,
        null
      ],
      "/Users/whitney/Desktop/turing/4_module/projects/pivatol_hacker/app/helpers/home_helper.rb": [
        1,
        null
      ],
      "/Users/whitney/Desktop/turing/4_module/projects/pivatol_hacker/app/helpers/tickets_helper.rb": [
        1,
        null
      ],
      "/Users/whitney/Desktop/turing/4_module/projects/pivatol_hacker/app/models/board.rb": [
        1,
        1,
        null,
        1,
        null,
        null
      ],
      "/Users/whitney/Desktop/turing/4_module/projects/pivatol_hacker/app/models/ticket.rb": [
        1,
        null,
        1,
        null,
        1,
        null,
        null,
        null,
        null,
        null,
        null,
        null,
        null,
        null,
        null,
        null,
        null,
        null,
        null,
        null,
        null,
        null,
        null,
        null,
        null,
        null,
        null,
        null,
        null,
        null,
        null,
        null,
        null,
        null,
        null,
        null,
        null,
        null,
        null,
        null,
        null,
        null,
        null,
        null,
        null
      ]
    },
    "timestamp": 1442614714
  }
}
